<?xml version="1.0" encoding="UTF-8"?>
<!-- Generated by org.testng.reporters.JUnitReportReporter -->
<testsuite skipped="0" hostname="DESKTOP-8JJBIBF" name="com.clearcode.testsuite.RETC_078" tests="1" failures="0" timestamp="2020-07-06T16:26:26 IST" time="30.825" errors="0">
  <testcase name="searchPatient" time="30.825" classname="com.clearcode.testsuite.RETC_078"/>
</testsuite> <!-- com.clearcode.testsuite.RETC_078 -->
