<?xml version="1.0" encoding="UTF-8"?>
<!-- Generated by org.testng.reporters.JUnitReportReporter -->
<testsuite skipped="0" hostname="DESKTOP-8JJBIBF" name="com.clearcode.testsuite.TestSuite2" tests="1" failures="0" timestamp="2020-07-06T21:12:44 IST" time="38.661" errors="0">
  <testcase name="test3" time="38.661" classname="com.clearcode.testsuite.TestSuite2"/>
</testsuite> <!-- com.clearcode.testsuite.TestSuite2 -->
