<?xml version="1.0" encoding="UTF-8"?>
<!-- Generated by org.testng.reporters.JUnitReportReporter -->
<testsuite skipped="1" hostname="DESKTOP-8JJBIBF" name="com.clearcode.testsuite.TestSuite1" tests="2" failures="0" timestamp="2020-07-06T16:21:14 IST" time="30.934" errors="0">
  <testcase name="searchPatient" time="30.934" classname="com.clearcode.testsuite.TestSuite1"/>
  <testcase name="createPatient" classname="com.clearcode.testsuite.TestSuite1">
    <skipped/>
  </testcase> <!-- createPatient -->
</testsuite> <!-- com.clearcode.testsuite.TestSuite1 -->
